<?xml version="1.0" encoding="UTF-8"?>
<testng-results ignored="0" total="1" passed="1" failed="0" skipped="0">
  <reporter-output>
  </reporter-output>
  <suite started-at="2024-05-28T13:09:46 IST" name="Default suite" finished-at="2024-05-28T13:09:59 IST" duration-ms="13465">
    <groups>
    </groups>
    <test started-at="2024-05-28T13:09:46 IST" name="Default test" finished-at="2024-05-28T13:09:59 IST" duration-ms="13465">
      <class name="Test.demoqa.Checkbox">
        <test-method is-config="true" signature="OpenBrowser()[pri:0, instance:Test.demoqa.Checkbox@3c22fc4c]" started-at="2024-05-28T13:09:46 IST" name="OpenBrowser" finished-at="2024-05-28T13:09:48 IST" duration-ms="2697" status="PASS">
          <reporter-output>
          </reporter-output>
        </test-method> <!-- OpenBrowser -->
        <test-method is-config="true" signature="LoginApp()[pri:0, instance:Test.demoqa.Checkbox@3c22fc4c]" started-at="2024-05-28T13:09:48 IST" name="LoginApp" finished-at="2024-05-28T13:09:58 IST" duration-ms="9733" status="PASS">
          <reporter-output>
          </reporter-output>
        </test-method> <!-- LoginApp -->
        <test-method signature="Checkbox()[pri:0, instance:Test.demoqa.Checkbox@3c22fc4c]" started-at="2024-05-28T13:09:58 IST" name="Checkbox" finished-at="2024-05-28T13:09:59 IST" duration-ms="681" status="PASS">
          <reporter-output>
          </reporter-output>
        </test-method> <!-- Checkbox -->
        <test-method is-config="true" signature="LogoutApp()[pri:0, instance:Test.demoqa.Checkbox@3c22fc4c]" started-at="2024-05-28T13:09:59 IST" name="LogoutApp" finished-at="2024-05-28T13:09:59 IST" duration-ms="1" status="PASS">
          <reporter-output>
          </reporter-output>
        </test-method> <!-- LogoutApp -->
        <test-method is-config="true" signature="CloseBrower()[pri:0, instance:Test.demoqa.Checkbox@3c22fc4c]" started-at="2024-05-28T13:09:59 IST" name="CloseBrower" finished-at="2024-05-28T13:09:59 IST" duration-ms="261" status="PASS">
          <reporter-output>
          </reporter-output>
        </test-method> <!-- CloseBrower -->
      </class> <!-- Test.demoqa.Checkbox -->
    </test> <!-- Default test -->
  </suite> <!-- Default suite -->
</testng-results>
