<?xml version="1.0" encoding="UTF-8"?>
<testng-results ignored="0" total="1" passed="1" failed="0" skipped="0">
  <reporter-output>
  </reporter-output>
  <suite started-at="2024-05-21T14:49:37 IST" name="Default suite" finished-at="2024-05-21T14:49:49 IST" duration-ms="12405">
    <groups>
    </groups>
    <test started-at="2024-05-21T14:49:37 IST" name="Default test" finished-at="2024-05-21T14:49:49 IST" duration-ms="12405">
      <class name="Test.demoqa.ElementTest">
        <test-method is-config="true" signature="OpenBrowser()[pri:0, instance:Test.demoqa.ElementTest@3c22fc4c]" started-at="2024-05-21T14:49:37 IST" name="OpenBrowser" finished-at="2024-05-21T14:49:39 IST" duration-ms="2508" status="PASS">
          <reporter-output>
          </reporter-output>
        </test-method> <!-- OpenBrowser -->
        <test-method is-config="true" signature="LoginApp()[pri:0, instance:Test.demoqa.ElementTest@3c22fc4c]" started-at="2024-05-21T14:49:39 IST" name="LoginApp" finished-at="2024-05-21T14:49:48 IST" duration-ms="9023" status="PASS">
          <reporter-output>
          </reporter-output>
        </test-method> <!-- LoginApp -->
        <test-method signature="TestElem()[pri:0, instance:Test.demoqa.ElementTest@3c22fc4c]" started-at="2024-05-21T14:49:48 IST" name="TestElem" finished-at="2024-05-21T14:49:49 IST" duration-ms="559" status="PASS">
          <reporter-output>
          </reporter-output>
        </test-method> <!-- TestElem -->
        <test-method is-config="true" signature="LogoutApp()[pri:0, instance:Test.demoqa.ElementTest@3c22fc4c]" started-at="2024-05-21T14:49:49 IST" name="LogoutApp" finished-at="2024-05-21T14:49:49 IST" duration-ms="1" status="PASS">
          <reporter-output>
          </reporter-output>
        </test-method> <!-- LogoutApp -->
        <test-method is-config="true" signature="CloseBrower()[pri:0, instance:Test.demoqa.ElementTest@3c22fc4c]" started-at="2024-05-21T14:49:49 IST" name="CloseBrower" finished-at="2024-05-21T14:49:49 IST" duration-ms="251" status="PASS">
          <reporter-output>
          </reporter-output>
        </test-method> <!-- CloseBrower -->
      </class> <!-- Test.demoqa.ElementTest -->
    </test> <!-- Default test -->
  </suite> <!-- Default suite -->
</testng-results>
